{"C:\\Users\\Victor\\Desktop\\Programas\\TestesJS\\cadastro-de-calouros-finished\\src\\index.js": {"path":"C:\\Users\\Victor\\Desktop\\Programas\\TestesJS\\cadastro-de-calouros-finished\\src\\index.js","all":false,"statementMap":{"0":{"start":{"line":1,"column":0},"end":{"line":1,"column":35}},"1":{"start":{"line":2,"column":0},"end":{"line":2,"column":0}},"2":{"start":{"line":3,"column":0},"end":{"line":3,"column":35}},"3":{"start":{"line":4,"column":0},"end":{"line":4,"column":0}},"4":{"start":{"line":5,"column":0},"end":{"line":5,"column":22}},"5":{"start":{"line":6,"column":0},"end":{"line":6,"column":0}},"6":{"start":{"line":7,"column":0},"end":{"line":7,"column":24}},"7":{"start":{"line":8,"column":0},"end":{"line":8,"column":16}},"8":{"start":{"line":9,"column":0},"end":{"line":9,"column":0}},"9":{"start":{"line":10,"column":0},"end":{"line":10,"column":38}},"10":{"start":{"line":11,"column":0},"end":{"line":11,"column":84}},"11":{"start":{"line":12,"column":0},"end":{"line":12,"column":1}},"12":{"start":{"line":13,"column":0},"end":{"line":13,"column":0}},"13":{"start":{"line":14,"column":0},"end":{"line":14,"column":21}}},"s":{"0":1,"1":1,"2":1,"3":1,"4":1,"5":1,"6":1,"7":1,"8":1,"9":1,"10":0,"11":0,"12":1,"13":1},"branchMap":{"0":{"type":"branch","line":10,"loc":{"start":{"line":10,"column":37},"end":{"line":12,"column":1}},"locations":[{"start":{"line":10,"column":37},"end":{"line":12,"column":1}}]}},"b":{"0":[0]},"fnMap":{},"f":{}}
,"C:\\Users\\Victor\\Desktop\\Programas\\TestesJS\\cadastro-de-calouros-finished\\src\\routes.js": {"path":"C:\\Users\\Victor\\Desktop\\Programas\\TestesJS\\cadastro-de-calouros-finished\\src\\routes.js","all":false,"statementMap":{"0":{"start":{"line":1,"column":0},"end":{"line":1,"column":38}},"1":{"start":{"line":2,"column":0},"end":{"line":2,"column":0}},"2":{"start":{"line":3,"column":0},"end":{"line":3,"column":73}},"3":{"start":{"line":4,"column":0},"end":{"line":4,"column":0}},"4":{"start":{"line":5,"column":0},"end":{"line":5,"column":24}},"5":{"start":{"line":6,"column":0},"end":{"line":6,"column":0}},"6":{"start":{"line":7,"column":0},"end":{"line":7,"column":49}},"7":{"start":{"line":8,"column":0},"end":{"line":8,"column":52}},"8":{"start":{"line":9,"column":0},"end":{"line":9,"column":57}},"9":{"start":{"line":10,"column":0},"end":{"line":10,"column":50}},"10":{"start":{"line":11,"column":0},"end":{"line":11,"column":54}},"11":{"start":{"line":12,"column":0},"end":{"line":12,"column":0}},"12":{"start":{"line":13,"column":0},"end":{"line":13,"column":24}}},"s":{"0":1,"1":1,"2":1,"3":1,"4":1,"5":1,"6":1,"7":1,"8":1,"9":1,"10":1,"11":1,"12":1},"branchMap":{},"b":{},"fnMap":{},"f":{}}
,"C:\\Users\\Victor\\Desktop\\Programas\\TestesJS\\cadastro-de-calouros-finished\\src\\app\\controllers\\StudentController.js": {"path":"C:\\Users\\Victor\\Desktop\\Programas\\TestesJS\\cadastro-de-calouros-finished\\src\\app\\controllers\\StudentController.js","all":false,"statementMap":{"0":{"start":{"line":1,"column":0},"end":{"line":1,"column":73}},"1":{"start":{"line":2,"column":0},"end":{"line":2,"column":57}},"2":{"start":{"line":3,"column":0},"end":{"line":3,"column":53}},"3":{"start":{"line":4,"column":0},"end":{"line":4,"column":67}},"4":{"start":{"line":5,"column":0},"end":{"line":5,"column":0}},"5":{"start":{"line":6,"column":0},"end":{"line":6,"column":25}},"6":{"start":{"line":7,"column":0},"end":{"line":7,"column":19}},"7":{"start":{"line":8,"column":0},"end":{"line":8,"column":50}},"8":{"start":{"line":9,"column":0},"end":{"line":9,"column":0}},"9":{"start":{"line":10,"column":0},"end":{"line":10,"column":23}},"10":{"start":{"line":11,"column":0},"end":{"line":11,"column":3}},"11":{"start":{"line":12,"column":0},"end":{"line":12,"column":0}},"12":{"start":{"line":13,"column":0},"end":{"line":13,"column":18}},"13":{"start":{"line":14,"column":0},"end":{"line":14,"column":30}},"14":{"start":{"line":15,"column":0},"end":{"line":15,"column":52}},"15":{"start":{"line":16,"column":0},"end":{"line":16,"column":0}},"16":{"start":{"line":17,"column":0},"end":{"line":17,"column":84}},"17":{"start":{"line":18,"column":0},"end":{"line":18,"column":0}},"18":{"start":{"line":19,"column":0},"end":{"line":19,"column":22}},"19":{"start":{"line":20,"column":0},"end":{"line":20,"column":3}},"20":{"start":{"line":21,"column":0},"end":{"line":21,"column":0}},"21":{"start":{"line":22,"column":0},"end":{"line":22,"column":19}},"22":{"start":{"line":23,"column":0},"end":{"line":23,"column":11}},"23":{"start":{"line":24,"column":0},"end":{"line":24,"column":77}},"24":{"start":{"line":25,"column":0},"end":{"line":25,"column":17}},"25":{"start":{"line":26,"column":0},"end":{"line":26,"column":0}},"26":{"start":{"line":27,"column":0},"end":{"line":27,"column":16}},"27":{"start":{"line":28,"column":0},"end":{"line":28,"column":66}},"28":{"start":{"line":29,"column":0},"end":{"line":29,"column":5}},"29":{"start":{"line":30,"column":0},"end":{"line":30,"column":0}},"30":{"start":{"line":31,"column":0},"end":{"line":31,"column":17}},"31":{"start":{"line":32,"column":0},"end":{"line":32,"column":68}},"32":{"start":{"line":33,"column":0},"end":{"line":33,"column":5}},"33":{"start":{"line":34,"column":0},"end":{"line":34,"column":0}},"34":{"start":{"line":35,"column":0},"end":{"line":35,"column":15}},"35":{"start":{"line":36,"column":0},"end":{"line":36,"column":65}},"36":{"start":{"line":37,"column":0},"end":{"line":37,"column":5}},"37":{"start":{"line":38,"column":0},"end":{"line":38,"column":0}},"38":{"start":{"line":39,"column":0},"end":{"line":39,"column":18}},"39":{"start":{"line":40,"column":0},"end":{"line":40,"column":68}},"40":{"start":{"line":41,"column":0},"end":{"line":41,"column":5}},"41":{"start":{"line":42,"column":0},"end":{"line":42,"column":0}},"42":{"start":{"line":43,"column":0},"end":{"line":43,"column":31}},"43":{"start":{"line":44,"column":0},"end":{"line":44,"column":72}},"44":{"start":{"line":45,"column":0},"end":{"line":45,"column":5}},"45":{"start":{"line":46,"column":0},"end":{"line":46,"column":0}},"46":{"start":{"line":47,"column":0},"end":{"line":47,"column":64}},"47":{"start":{"line":48,"column":0},"end":{"line":48,"column":0}},"48":{"start":{"line":49,"column":0},"end":{"line":49,"column":24}},"49":{"start":{"line":50,"column":0},"end":{"line":50,"column":79}},"50":{"start":{"line":51,"column":0},"end":{"line":51,"column":5}},"51":{"start":{"line":52,"column":0},"end":{"line":52,"column":0}},"52":{"start":{"line":53,"column":0},"end":{"line":53,"column":27}},"53":{"start":{"line":54,"column":0},"end":{"line":54,"column":69}},"54":{"start":{"line":55,"column":0},"end":{"line":55,"column":5}},"55":{"start":{"line":56,"column":0},"end":{"line":56,"column":0}},"56":{"start":{"line":57,"column":0},"end":{"line":57,"column":36}},"57":{"start":{"line":58,"column":0},"end":{"line":58,"column":85}},"58":{"start":{"line":59,"column":0},"end":{"line":59,"column":5}},"59":{"start":{"line":60,"column":0},"end":{"line":60,"column":0}},"60":{"start":{"line":61,"column":0},"end":{"line":61,"column":60}},"61":{"start":{"line":62,"column":0},"end":{"line":62,"column":0}},"62":{"start":{"line":63,"column":0},"end":{"line":63,"column":42}},"63":{"start":{"line":64,"column":0},"end":{"line":64,"column":0}},"64":{"start":{"line":65,"column":0},"end":{"line":65,"column":47}},"65":{"start":{"line":66,"column":0},"end":{"line":66,"column":81}},"66":{"start":{"line":67,"column":0},"end":{"line":67,"column":7}},"67":{"start":{"line":68,"column":0},"end":{"line":68,"column":0}},"68":{"start":{"line":69,"column":0},"end":{"line":69,"column":22}},"69":{"start":{"line":70,"column":0},"end":{"line":70,"column":3}},"70":{"start":{"line":71,"column":0},"end":{"line":71,"column":0}},"71":{"start":{"line":72,"column":0},"end":{"line":72,"column":20}},"72":{"start":{"line":73,"column":0},"end":{"line":73,"column":30}},"73":{"start":{"line":74,"column":0},"end":{"line":74,"column":0}},"74":{"start":{"line":75,"column":0},"end":{"line":75,"column":11}},"75":{"start":{"line":76,"column":0},"end":{"line":76,"column":77}},"76":{"start":{"line":77,"column":0},"end":{"line":77,"column":17}},"77":{"start":{"line":78,"column":0},"end":{"line":78,"column":0}},"78":{"start":{"line":79,"column":0},"end":{"line":79,"column":58}},"79":{"start":{"line":80,"column":0},"end":{"line":80,"column":0}},"80":{"start":{"line":81,"column":0},"end":{"line":81,"column":25}},"81":{"start":{"line":82,"column":0},"end":{"line":82,"column":67}},"82":{"start":{"line":83,"column":0},"end":{"line":83,"column":5}},"83":{"start":{"line":84,"column":0},"end":{"line":84,"column":0}},"84":{"start":{"line":85,"column":0},"end":{"line":85,"column":16}},"85":{"start":{"line":86,"column":0},"end":{"line":86,"column":66}},"86":{"start":{"line":87,"column":0},"end":{"line":87,"column":5}},"87":{"start":{"line":88,"column":0},"end":{"line":88,"column":0}},"88":{"start":{"line":89,"column":0},"end":{"line":89,"column":17}},"89":{"start":{"line":90,"column":0},"end":{"line":90,"column":68}},"90":{"start":{"line":91,"column":0},"end":{"line":91,"column":5}},"91":{"start":{"line":92,"column":0},"end":{"line":92,"column":0}},"92":{"start":{"line":93,"column":0},"end":{"line":93,"column":15}},"93":{"start":{"line":94,"column":0},"end":{"line":94,"column":65}},"94":{"start":{"line":95,"column":0},"end":{"line":95,"column":5}},"95":{"start":{"line":96,"column":0},"end":{"line":96,"column":0}},"96":{"start":{"line":97,"column":0},"end":{"line":97,"column":18}},"97":{"start":{"line":98,"column":0},"end":{"line":98,"column":68}},"98":{"start":{"line":99,"column":0},"end":{"line":99,"column":5}},"99":{"start":{"line":100,"column":0},"end":{"line":100,"column":0}},"100":{"start":{"line":101,"column":0},"end":{"line":101,"column":31}},"101":{"start":{"line":102,"column":0},"end":{"line":102,"column":72}},"102":{"start":{"line":103,"column":0},"end":{"line":103,"column":5}},"103":{"start":{"line":104,"column":0},"end":{"line":104,"column":0}},"104":{"start":{"line":105,"column":0},"end":{"line":105,"column":65}},"105":{"start":{"line":106,"column":0},"end":{"line":106,"column":0}},"106":{"start":{"line":107,"column":0},"end":{"line":107,"column":26}},"107":{"start":{"line":108,"column":0},"end":{"line":108,"column":76}},"108":{"start":{"line":109,"column":0},"end":{"line":109,"column":5}},"109":{"start":{"line":110,"column":0},"end":{"line":110,"column":0}},"110":{"start":{"line":111,"column":0},"end":{"line":111,"column":35}},"111":{"start":{"line":112,"column":0},"end":{"line":112,"column":79}},"112":{"start":{"line":113,"column":0},"end":{"line":113,"column":5}},"113":{"start":{"line":114,"column":0},"end":{"line":114,"column":0}},"114":{"start":{"line":115,"column":0},"end":{"line":115,"column":27}},"115":{"start":{"line":116,"column":0},"end":{"line":116,"column":69}},"116":{"start":{"line":117,"column":0},"end":{"line":117,"column":5}},"117":{"start":{"line":118,"column":0},"end":{"line":118,"column":0}},"118":{"start":{"line":119,"column":0},"end":{"line":119,"column":36}},"119":{"start":{"line":120,"column":0},"end":{"line":120,"column":85}},"120":{"start":{"line":121,"column":0},"end":{"line":121,"column":5}},"121":{"start":{"line":122,"column":0},"end":{"line":122,"column":0}},"122":{"start":{"line":123,"column":0},"end":{"line":123,"column":51}},"123":{"start":{"line":124,"column":0},"end":{"line":124,"column":77}},"124":{"start":{"line":125,"column":0},"end":{"line":125,"column":7}},"125":{"start":{"line":126,"column":0},"end":{"line":126,"column":0}},"126":{"start":{"line":127,"column":0},"end":{"line":127,"column":22}},"127":{"start":{"line":128,"column":0},"end":{"line":128,"column":3}},"128":{"start":{"line":129,"column":0},"end":{"line":129,"column":0}},"129":{"start":{"line":130,"column":0},"end":{"line":130,"column":20}},"130":{"start":{"line":131,"column":0},"end":{"line":131,"column":30}},"131":{"start":{"line":132,"column":0},"end":{"line":132,"column":34}},"132":{"start":{"line":133,"column":0},"end":{"line":133,"column":0}},"133":{"start":{"line":134,"column":0},"end":{"line":134,"column":24}},"134":{"start":{"line":135,"column":0},"end":{"line":135,"column":3}},"135":{"start":{"line":136,"column":0},"end":{"line":136,"column":1}},"136":{"start":{"line":137,"column":0},"end":{"line":137,"column":0}},"137":{"start":{"line":138,"column":0},"end":{"line":138,"column":41}}},"s":{"0":1,"1":1,"2":1,"3":1,"4":1,"5":1,"6":1,"7":1,"8":1,"9":1,"10":1,"11":1,"12":1,"13":2,"14":2,"15":2,"16":2,"17":1,"18":1,"19":1,"20":1,"21":1,"22":9,"23":9,"24":9,"25":9,"26":9,"27":1,"28":1,"29":8,"30":9,"31":1,"32":1,"33":7,"34":9,"35":1,"36":1,"37":6,"38":9,"39":1,"40":1,"41":5,"42":9,"43":1,"44":1,"45":4,"46":4,"47":4,"48":9,"49":1,"50":1,"51":3,"52":9,"53":1,"54":1,"55":2,"56":9,"57":1,"58":1,"59":1,"60":9,"61":9,"62":9,"63":9,"64":9,"65":9,"66":9,"67":9,"68":9,"69":9,"70":1,"71":1,"72":11,"73":11,"74":11,"75":11,"76":11,"77":11,"78":11,"79":11,"80":11,"81":1,"82":1,"83":10,"84":11,"85":1,"86":1,"87":9,"88":11,"89":1,"90":1,"91":8,"92":11,"93":1,"94":1,"95":7,"96":11,"97":1,"98":1,"99":6,"100":11,"101":1,"102":1,"103":5,"104":5,"105":5,"106":11,"107":1,"108":1,"109":4,"110":11,"111":1,"112":1,"113":3,"114":11,"115":1,"116":1,"117":2,"118":11,"119":1,"120":1,"121":1,"122":1,"123":1,"124":1,"125":1,"126":1,"127":1,"128":1,"129":1,"130":2,"131":2,"132":2,"133":2,"134":2,"135":1,"136":1,"137":1},"branchMap":{"0":{"type":"branch","line":7,"loc":{"start":{"line":7,"column":2},"end":{"line":11,"column":3}},"locations":[{"start":{"line":7,"column":2},"end":{"line":11,"column":3}}]},"1":{"type":"branch","line":13,"loc":{"start":{"line":13,"column":2},"end":{"line":20,"column":3}},"locations":[{"start":{"line":13,"column":2},"end":{"line":20,"column":3}}]},"2":{"type":"branch","line":17,"loc":{"start":{"line":17,"column":18},"end":{"line":20,"column":3}},"locations":[{"start":{"line":17,"column":18},"end":{"line":20,"column":3}}]},"3":{"type":"branch","line":22,"loc":{"start":{"line":22,"column":2},"end":{"line":70,"column":3}},"locations":[{"start":{"line":22,"column":2},"end":{"line":70,"column":3}}]},"4":{"type":"branch","line":27,"loc":{"start":{"line":27,"column":15},"end":{"line":29,"column":5}},"locations":[{"start":{"line":27,"column":15},"end":{"line":29,"column":5}}]},"5":{"type":"branch","line":30,"loc":{"start":{"line":30,"column":-2},"end":{"line":31,"column":8}},"locations":[{"start":{"line":30,"column":-2},"end":{"line":31,"column":8}}]},"6":{"type":"branch","line":31,"loc":{"start":{"line":31,"column":16},"end":{"line":33,"column":5}},"locations":[{"start":{"line":31,"column":16},"end":{"line":33,"column":5}}]},"7":{"type":"branch","line":34,"loc":{"start":{"line":34,"column":-2},"end":{"line":35,"column":8}},"locations":[{"start":{"line":34,"column":-2},"end":{"line":35,"column":8}}]},"8":{"type":"branch","line":35,"loc":{"start":{"line":35,"column":14},"end":{"line":37,"column":5}},"locations":[{"start":{"line":35,"column":14},"end":{"line":37,"column":5}}]},"9":{"type":"branch","line":38,"loc":{"start":{"line":38,"column":-2},"end":{"line":39,"column":8}},"locations":[{"start":{"line":38,"column":-2},"end":{"line":39,"column":8}}]},"10":{"type":"branch","line":39,"loc":{"start":{"line":39,"column":17},"end":{"line":41,"column":5}},"locations":[{"start":{"line":39,"column":17},"end":{"line":41,"column":5}}]},"11":{"type":"branch","line":42,"loc":{"start":{"line":42,"column":-2},"end":{"line":43,"column":8}},"locations":[{"start":{"line":42,"column":-2},"end":{"line":43,"column":8}}]},"12":{"type":"branch","line":43,"loc":{"start":{"line":43,"column":30},"end":{"line":45,"column":5}},"locations":[{"start":{"line":43,"column":30},"end":{"line":45,"column":5}}]},"13":{"type":"branch","line":46,"loc":{"start":{"line":46,"column":-2},"end":{"line":49,"column":8}},"locations":[{"start":{"line":46,"column":-2},"end":{"line":49,"column":8}}]},"14":{"type":"branch","line":49,"loc":{"start":{"line":49,"column":23},"end":{"line":51,"column":5}},"locations":[{"start":{"line":49,"column":23},"end":{"line":51,"column":5}}]},"15":{"type":"branch","line":52,"loc":{"start":{"line":52,"column":-2},"end":{"line":53,"column":8}},"locations":[{"start":{"line":52,"column":-2},"end":{"line":53,"column":8}}]},"16":{"type":"branch","line":53,"loc":{"start":{"line":53,"column":26},"end":{"line":55,"column":5}},"locations":[{"start":{"line":53,"column":26},"end":{"line":55,"column":5}}]},"17":{"type":"branch","line":56,"loc":{"start":{"line":56,"column":-2},"end":{"line":57,"column":8}},"locations":[{"start":{"line":56,"column":-2},"end":{"line":57,"column":8}}]},"18":{"type":"branch","line":57,"loc":{"start":{"line":57,"column":35},"end":{"line":61,"column":37}},"locations":[{"start":{"line":57,"column":35},"end":{"line":61,"column":37}}]},"19":{"type":"branch","line":61,"loc":{"start":{"line":61,"column":19},"end":{"line":61,"column":60}},"locations":[{"start":{"line":61,"column":19},"end":{"line":61,"column":60}}]},"20":{"type":"branch","line":72,"loc":{"start":{"line":72,"column":2},"end":{"line":128,"column":3}},"locations":[{"start":{"line":72,"column":2},"end":{"line":128,"column":3}}]},"21":{"type":"branch","line":81,"loc":{"start":{"line":81,"column":24},"end":{"line":83,"column":5}},"locations":[{"start":{"line":81,"column":24},"end":{"line":83,"column":5}}]},"22":{"type":"branch","line":84,"loc":{"start":{"line":84,"column":-2},"end":{"line":85,"column":8}},"locations":[{"start":{"line":84,"column":-2},"end":{"line":85,"column":8}}]},"23":{"type":"branch","line":85,"loc":{"start":{"line":85,"column":15},"end":{"line":87,"column":5}},"locations":[{"start":{"line":85,"column":15},"end":{"line":87,"column":5}}]},"24":{"type":"branch","line":88,"loc":{"start":{"line":88,"column":-2},"end":{"line":89,"column":8}},"locations":[{"start":{"line":88,"column":-2},"end":{"line":89,"column":8}}]},"25":{"type":"branch","line":89,"loc":{"start":{"line":89,"column":16},"end":{"line":91,"column":5}},"locations":[{"start":{"line":89,"column":16},"end":{"line":91,"column":5}}]},"26":{"type":"branch","line":92,"loc":{"start":{"line":92,"column":-2},"end":{"line":93,"column":8}},"locations":[{"start":{"line":92,"column":-2},"end":{"line":93,"column":8}}]},"27":{"type":"branch","line":93,"loc":{"start":{"line":93,"column":14},"end":{"line":95,"column":5}},"locations":[{"start":{"line":93,"column":14},"end":{"line":95,"column":5}}]},"28":{"type":"branch","line":96,"loc":{"start":{"line":96,"column":-2},"end":{"line":97,"column":8}},"locations":[{"start":{"line":96,"column":-2},"end":{"line":97,"column":8}}]},"29":{"type":"branch","line":97,"loc":{"start":{"line":97,"column":17},"end":{"line":99,"column":5}},"locations":[{"start":{"line":97,"column":17},"end":{"line":99,"column":5}}]},"30":{"type":"branch","line":100,"loc":{"start":{"line":100,"column":-2},"end":{"line":101,"column":8}},"locations":[{"start":{"line":100,"column":-2},"end":{"line":101,"column":8}}]},"31":{"type":"branch","line":101,"loc":{"start":{"line":101,"column":30},"end":{"line":103,"column":5}},"locations":[{"start":{"line":101,"column":30},"end":{"line":103,"column":5}}]},"32":{"type":"branch","line":104,"loc":{"start":{"line":104,"column":-2},"end":{"line":107,"column":8}},"locations":[{"start":{"line":104,"column":-2},"end":{"line":107,"column":8}}]},"33":{"type":"branch","line":107,"loc":{"start":{"line":107,"column":25},"end":{"line":109,"column":5}},"locations":[{"start":{"line":107,"column":25},"end":{"line":109,"column":5}}]},"34":{"type":"branch","line":110,"loc":{"start":{"line":110,"column":-2},"end":{"line":111,"column":8}},"locations":[{"start":{"line":110,"column":-2},"end":{"line":111,"column":8}}]},"35":{"type":"branch","line":111,"loc":{"start":{"line":111,"column":34},"end":{"line":113,"column":5}},"locations":[{"start":{"line":111,"column":34},"end":{"line":113,"column":5}}]},"36":{"type":"branch","line":114,"loc":{"start":{"line":114,"column":-2},"end":{"line":115,"column":8}},"locations":[{"start":{"line":114,"column":-2},"end":{"line":115,"column":8}}]},"37":{"type":"branch","line":115,"loc":{"start":{"line":115,"column":26},"end":{"line":117,"column":5}},"locations":[{"start":{"line":115,"column":26},"end":{"line":117,"column":5}}]},"38":{"type":"branch","line":118,"loc":{"start":{"line":118,"column":-2},"end":{"line":119,"column":8}},"locations":[{"start":{"line":118,"column":-2},"end":{"line":119,"column":8}}]},"39":{"type":"branch","line":119,"loc":{"start":{"line":119,"column":35},"end":{"line":128,"column":3}},"locations":[{"start":{"line":119,"column":35},"end":{"line":128,"column":3}}]},"40":{"type":"branch","line":130,"loc":{"start":{"line":130,"column":2},"end":{"line":135,"column":3}},"locations":[{"start":{"line":130,"column":2},"end":{"line":135,"column":3}}]}},"b":{"0":[1],"1":[2],"2":[1],"3":[9],"4":[1],"5":[8],"6":[1],"7":[7],"8":[1],"9":[6],"10":[1],"11":[5],"12":[1],"13":[4],"14":[1],"15":[3],"16":[1],"17":[2],"18":[1],"19":[0],"20":[11],"21":[1],"22":[10],"23":[1],"24":[9],"25":[1],"26":[8],"27":[1],"28":[7],"29":[1],"30":[6],"31":[1],"32":[5],"33":[1],"34":[4],"35":[1],"36":[3],"37":[1],"38":[2],"39":[1],"40":[2]},"fnMap":{"0":{"name":"index","decl":{"start":{"line":7,"column":2},"end":{"line":11,"column":3}},"loc":{"start":{"line":7,"column":2},"end":{"line":11,"column":3}},"line":7},"1":{"name":"show","decl":{"start":{"line":13,"column":2},"end":{"line":20,"column":3}},"loc":{"start":{"line":13,"column":2},"end":{"line":20,"column":3}},"line":13},"2":{"name":"store","decl":{"start":{"line":22,"column":2},"end":{"line":70,"column":3}},"loc":{"start":{"line":22,"column":2},"end":{"line":70,"column":3}},"line":22},"3":{"name":"update","decl":{"start":{"line":72,"column":2},"end":{"line":128,"column":3}},"loc":{"start":{"line":72,"column":2},"end":{"line":128,"column":3}},"line":72},"4":{"name":"delete","decl":{"start":{"line":130,"column":2},"end":{"line":135,"column":3}},"loc":{"start":{"line":130,"column":2},"end":{"line":135,"column":3}},"line":130}},"f":{"0":1,"1":2,"2":9,"3":11,"4":2}}
,"C:\\Users\\Victor\\Desktop\\Programas\\TestesJS\\cadastro-de-calouros-finished\\src\\app\\repositories\\StudentsRepository.js": {"path":"C:\\Users\\Victor\\Desktop\\Programas\\TestesJS\\cadastro-de-calouros-finished\\src\\app\\repositories\\StudentsRepository.js","all":false,"statementMap":{"0":{"start":{"line":1,"column":0},"end":{"line":1,"column":47}},"1":{"start":{"line":2,"column":0},"end":{"line":2,"column":0}},"2":{"start":{"line":3,"column":0},"end":{"line":3,"column":26}},"3":{"start":{"line":4,"column":0},"end":{"line":4,"column":0}},"4":{"start":{"line":5,"column":0},"end":{"line":5,"column":44}},"5":{"start":{"line":6,"column":0},"end":{"line":6,"column":13}},"6":{"start":{"line":7,"column":0},"end":{"line":7,"column":20}},"7":{"start":{"line":8,"column":0},"end":{"line":8,"column":3}},"8":{"start":{"line":9,"column":0},"end":{"line":9,"column":0}},"9":{"start":{"line":10,"column":0},"end":{"line":10,"column":46}},"10":{"start":{"line":11,"column":0},"end":{"line":11,"column":16}},"11":{"start":{"line":12,"column":0},"end":{"line":12,"column":70}},"12":{"start":{"line":13,"column":0},"end":{"line":13,"column":23}},"13":{"start":{"line":14,"column":0},"end":{"line":14,"column":3}},"14":{"start":{"line":15,"column":0},"end":{"line":15,"column":0}},"15":{"start":{"line":16,"column":0},"end":{"line":16,"column":49}},"16":{"start":{"line":17,"column":0},"end":{"line":17,"column":22}},"17":{"start":{"line":18,"column":0},"end":{"line":18,"column":79}},"18":{"start":{"line":19,"column":0},"end":{"line":19,"column":26}},"19":{"start":{"line":20,"column":0},"end":{"line":20,"column":3}},"20":{"start":{"line":21,"column":0},"end":{"line":21,"column":0}},"21":{"start":{"line":22,"column":0},"end":{"line":22,"column":43}},"22":{"start":{"line":23,"column":0},"end":{"line":23,"column":14}},"23":{"start":{"line":24,"column":0},"end":{"line":24,"column":54}},"24":{"start":{"line":25,"column":0},"end":{"line":25,"column":23}},"25":{"start":{"line":26,"column":0},"end":{"line":26,"column":3}},"26":{"start":{"line":27,"column":0},"end":{"line":27,"column":0}},"27":{"start":{"line":28,"column":0},"end":{"line":28,"column":37}},"28":{"start":{"line":29,"column":0},"end":{"line":29,"column":10}},"29":{"start":{"line":30,"column":0},"end":{"line":30,"column":79}},"30":{"start":{"line":31,"column":0},"end":{"line":31,"column":6}},"31":{"start":{"line":32,"column":0},"end":{"line":32,"column":24}},"32":{"start":{"line":33,"column":0},"end":{"line":33,"column":81}},"33":{"start":{"line":34,"column":0},"end":{"line":34,"column":6}},"34":{"start":{"line":35,"column":0},"end":{"line":35,"column":0}},"35":{"start":{"line":36,"column":0},"end":{"line":36,"column":30}},"36":{"start":{"line":37,"column":0},"end":{"line":37,"column":0}},"37":{"start":{"line":38,"column":0},"end":{"line":38,"column":22}},"38":{"start":{"line":39,"column":0},"end":{"line":39,"column":3}},"39":{"start":{"line":40,"column":0},"end":{"line":40,"column":0}},"40":{"start":{"line":41,"column":0},"end":{"line":41,"column":48}},"41":{"start":{"line":42,"column":0},"end":{"line":42,"column":14}},"42":{"start":{"line":43,"column":0},"end":{"line":43,"column":75}},"43":{"start":{"line":44,"column":0},"end":{"line":44,"column":6}},"44":{"start":{"line":45,"column":0},"end":{"line":45,"column":28}},"45":{"start":{"line":46,"column":0},"end":{"line":46,"column":81}},"46":{"start":{"line":47,"column":0},"end":{"line":47,"column":6}},"47":{"start":{"line":48,"column":0},"end":{"line":48,"column":0}},"48":{"start":{"line":49,"column":0},"end":{"line":49,"column":73}},"49":{"start":{"line":50,"column":0},"end":{"line":50,"column":22}},"50":{"start":{"line":51,"column":0},"end":{"line":51,"column":25}},"51":{"start":{"line":52,"column":0},"end":{"line":52,"column":0}},"52":{"start":{"line":53,"column":0},"end":{"line":53,"column":26}},"53":{"start":{"line":54,"column":0},"end":{"line":54,"column":3}},"54":{"start":{"line":55,"column":0},"end":{"line":55,"column":0}},"55":{"start":{"line":56,"column":0},"end":{"line":56,"column":44}},"56":{"start":{"line":57,"column":0},"end":{"line":57,"column":14}},"57":{"start":{"line":58,"column":0},"end":{"line":58,"column":72}},"58":{"start":{"line":59,"column":0},"end":{"line":59,"column":27}},"59":{"start":{"line":60,"column":0},"end":{"line":60,"column":23}},"60":{"start":{"line":61,"column":0},"end":{"line":61,"column":3}},"61":{"start":{"line":62,"column":0},"end":{"line":62,"column":1}},"62":{"start":{"line":63,"column":0},"end":{"line":63,"column":0}},"63":{"start":{"line":64,"column":0},"end":{"line":64,"column":42}}},"s":{"0":1,"1":1,"2":1,"3":1,"4":1,"5":1,"6":1,"7":1,"8":1,"9":1,"10":1,"11":13,"12":13,"13":13,"14":1,"15":1,"16":1,"17":9,"18":9,"19":9,"20":1,"21":1,"22":1,"23":1,"24":1,"25":1,"26":1,"27":1,"28":1,"29":1,"30":1,"31":1,"32":1,"33":1,"34":1,"35":1,"36":1,"37":1,"38":1,"39":1,"40":1,"41":1,"42":1,"43":1,"44":1,"45":1,"46":1,"47":1,"48":1,"49":4,"50":4,"51":1,"52":1,"53":1,"54":1,"55":1,"56":1,"57":2,"58":2,"59":2,"60":2,"61":1,"62":1,"63":1},"branchMap":{"0":{"type":"branch","line":6,"loc":{"start":{"line":6,"column":2},"end":{"line":8,"column":3}},"locations":[{"start":{"line":6,"column":2},"end":{"line":8,"column":3}}]},"1":{"type":"branch","line":11,"loc":{"start":{"line":11,"column":2},"end":{"line":14,"column":3}},"locations":[{"start":{"line":11,"column":2},"end":{"line":14,"column":3}}]},"2":{"type":"branch","line":12,"loc":{"start":{"line":12,"column":39},"end":{"line":12,"column":70}},"locations":[{"start":{"line":12,"column":39},"end":{"line":12,"column":70}}]},"3":{"type":"branch","line":17,"loc":{"start":{"line":17,"column":2},"end":{"line":20,"column":3}},"locations":[{"start":{"line":17,"column":2},"end":{"line":20,"column":3}}]},"4":{"type":"branch","line":18,"loc":{"start":{"line":18,"column":42},"end":{"line":18,"column":79}},"locations":[{"start":{"line":18,"column":42},"end":{"line":18,"column":79}}]},"5":{"type":"branch","line":23,"loc":{"start":{"line":23,"column":2},"end":{"line":26,"column":3}},"locations":[{"start":{"line":23,"column":2},"end":{"line":26,"column":3}}]},"6":{"type":"branch","line":29,"loc":{"start":{"line":29,"column":2},"end":{"line":39,"column":3}},"locations":[{"start":{"line":29,"column":2},"end":{"line":39,"column":3}}]},"7":{"type":"branch","line":42,"loc":{"start":{"line":42,"column":2},"end":{"line":54,"column":3}},"locations":[{"start":{"line":42,"column":2},"end":{"line":54,"column":3}}]},"8":{"type":"branch","line":49,"loc":{"start":{"line":49,"column":29},"end":{"line":51,"column":25}},"locations":[{"start":{"line":49,"column":29},"end":{"line":51,"column":25}}]},"9":{"type":"branch","line":49,"loc":{"start":{"line":49,"column":49},"end":{"line":50,"column":22}},"locations":[{"start":{"line":49,"column":49},"end":{"line":50,"column":22}}]},"10":{"type":"branch","line":49,"loc":{"start":{"line":49,"column":49},"end":{"line":51,"column":25}},"locations":[{"start":{"line":49,"column":49},"end":{"line":51,"column":25}}]},"11":{"type":"branch","line":57,"loc":{"start":{"line":57,"column":2},"end":{"line":61,"column":3}},"locations":[{"start":{"line":57,"column":2},"end":{"line":61,"column":3}}]},"12":{"type":"branch","line":58,"loc":{"start":{"line":58,"column":41},"end":{"line":58,"column":72}},"locations":[{"start":{"line":58,"column":41},"end":{"line":58,"column":72}}]}},"b":{"0":[1],"1":[13],"2":[22],"3":[9],"4":[28],"5":[1],"6":[1],"7":[1],"8":[5],"9":[1],"10":[4],"11":[2],"12":[9]},"fnMap":{"0":{"name":"findAll","decl":{"start":{"line":6,"column":2},"end":{"line":8,"column":3}},"loc":{"start":{"line":6,"column":2},"end":{"line":8,"column":3}},"line":6},"1":{"name":"findById","decl":{"start":{"line":11,"column":2},"end":{"line":14,"column":3}},"loc":{"start":{"line":11,"column":2},"end":{"line":14,"column":3}},"line":11},"2":{"name":"findByEmail","decl":{"start":{"line":17,"column":2},"end":{"line":20,"column":3}},"loc":{"start":{"line":17,"column":2},"end":{"line":20,"column":3}},"line":17},"3":{"name":"findLast","decl":{"start":{"line":23,"column":2},"end":{"line":26,"column":3}},"loc":{"start":{"line":23,"column":2},"end":{"line":26,"column":3}},"line":23},"4":{"name":"create","decl":{"start":{"line":29,"column":2},"end":{"line":39,"column":3}},"loc":{"start":{"line":29,"column":2},"end":{"line":39,"column":3}},"line":29},"5":{"name":"update","decl":{"start":{"line":42,"column":2},"end":{"line":54,"column":3}},"loc":{"start":{"line":42,"column":2},"end":{"line":54,"column":3}},"line":42},"6":{"name":"delete","decl":{"start":{"line":57,"column":2},"end":{"line":61,"column":3}},"loc":{"start":{"line":57,"column":2},"end":{"line":61,"column":3}},"line":57}},"f":{"0":1,"1":13,"2":9,"3":1,"4":1,"5":1,"6":2}}
,"C:\\Users\\Victor\\Desktop\\Programas\\TestesJS\\cadastro-de-calouros-finished\\src\\helpers\\isDegreeExistent.js": {"path":"C:\\Users\\Victor\\Desktop\\Programas\\TestesJS\\cadastro-de-calouros-finished\\src\\helpers\\isDegreeExistent.js","all":false,"statementMap":{"0":{"start":{"line":1,"column":0},"end":{"line":1,"column":43}},"1":{"start":{"line":2,"column":0},"end":{"line":2,"column":0}},"2":{"start":{"line":3,"column":0},"end":{"line":3,"column":44}},"3":{"start":{"line":4,"column":0},"end":{"line":4,"column":0}},"4":{"start":{"line":5,"column":0},"end":{"line":5,"column":39}},"5":{"start":{"line":6,"column":0},"end":{"line":6,"column":57}},"6":{"start":{"line":7,"column":0},"end":{"line":7,"column":1}},"7":{"start":{"line":8,"column":0},"end":{"line":8,"column":0}},"8":{"start":{"line":9,"column":0},"end":{"line":9,"column":34}}},"s":{"0":1,"1":1,"2":1,"3":1,"4":6,"5":6,"6":6,"7":1,"8":1},"branchMap":{"0":{"type":"branch","line":5,"loc":{"start":{"line":5,"column":0},"end":{"line":7,"column":1}},"locations":[{"start":{"line":5,"column":0},"end":{"line":7,"column":1}}]},"1":{"type":"branch","line":6,"loc":{"start":{"line":6,"column":23},"end":{"line":6,"column":57}},"locations":[{"start":{"line":6,"column":23},"end":{"line":6,"column":57}}]}},"b":{"0":[6],"1":[26]},"fnMap":{"0":{"name":"isDegreeExistent","decl":{"start":{"line":5,"column":0},"end":{"line":7,"column":1}},"loc":{"start":{"line":5,"column":0},"end":{"line":7,"column":1}},"line":5}},"f":{"0":6}}
,"C:\\Users\\Victor\\Desktop\\Programas\\TestesJS\\cadastro-de-calouros-finished\\src\\mocks\\degrees.js": {"path":"C:\\Users\\Victor\\Desktop\\Programas\\TestesJS\\cadastro-de-calouros-finished\\src\\mocks\\degrees.js","all":false,"statementMap":{"0":{"start":{"line":1,"column":0},"end":{"line":1,"column":34}},"1":{"start":{"line":2,"column":0},"end":{"line":2,"column":0}},"2":{"start":{"line":3,"column":0},"end":{"line":3,"column":17}},"3":{"start":{"line":4,"column":0},"end":{"line":4,"column":27}},"4":{"start":{"line":5,"column":0},"end":{"line":5,"column":26}},"5":{"start":{"line":6,"column":0},"end":{"line":6,"column":31}},"6":{"start":{"line":7,"column":0},"end":{"line":7,"column":26}},"7":{"start":{"line":8,"column":0},"end":{"line":8,"column":19}},"8":{"start":{"line":9,"column":0},"end":{"line":9,"column":29}},"9":{"start":{"line":10,"column":0},"end":{"line":10,"column":27}},"10":{"start":{"line":11,"column":0},"end":{"line":11,"column":2}},"11":{"start":{"line":12,"column":0},"end":{"line":12,"column":0}},"12":{"start":{"line":13,"column":0},"end":{"line":13,"column":25}}},"s":{"0":1,"1":1,"2":1,"3":1,"4":1,"5":1,"6":1,"7":1,"8":1,"9":1,"10":1,"11":1,"12":1},"branchMap":{},"b":{},"fnMap":{},"f":{}}
,"C:\\Users\\Victor\\Desktop\\Programas\\TestesJS\\cadastro-de-calouros-finished\\src\\mocks\\students.js": {"path":"C:\\Users\\Victor\\Desktop\\Programas\\TestesJS\\cadastro-de-calouros-finished\\src\\mocks\\students.js","all":false,"statementMap":{"0":{"start":{"line":1,"column":0},"end":{"line":1,"column":45}},"1":{"start":{"line":2,"column":0},"end":{"line":2,"column":0}},"2":{"start":{"line":3,"column":0},"end":{"line":3,"column":18}},"3":{"start":{"line":4,"column":0},"end":{"line":4,"column":3}},"4":{"start":{"line":5,"column":0},"end":{"line":5,"column":12}},"5":{"start":{"line":6,"column":0},"end":{"line":6,"column":25}},"6":{"start":{"line":7,"column":0},"end":{"line":7,"column":35}},"7":{"start":{"line":8,"column":0},"end":{"line":8,"column":18}},"8":{"start":{"line":9,"column":0},"end":{"line":9,"column":40}},"9":{"start":{"line":10,"column":0},"end":{"line":10,"column":16}},"10":{"start":{"line":11,"column":0},"end":{"line":11,"column":40}},"11":{"start":{"line":12,"column":0},"end":{"line":12,"column":23}},"12":{"start":{"line":13,"column":0},"end":{"line":13,"column":13}},"13":{"start":{"line":14,"column":0},"end":{"line":14,"column":37}},"14":{"start":{"line":15,"column":0},"end":{"line":15,"column":12}},"15":{"start":{"line":16,"column":0},"end":{"line":16,"column":4}},"16":{"start":{"line":17,"column":0},"end":{"line":17,"column":3}},"17":{"start":{"line":18,"column":0},"end":{"line":18,"column":12}},"18":{"start":{"line":19,"column":0},"end":{"line":19,"column":29}},"19":{"start":{"line":20,"column":0},"end":{"line":20,"column":39}},"20":{"start":{"line":21,"column":0},"end":{"line":21,"column":18}},"21":{"start":{"line":22,"column":0},"end":{"line":22,"column":39}},"22":{"start":{"line":23,"column":0},"end":{"line":23,"column":16}},"23":{"start":{"line":24,"column":0},"end":{"line":24,"column":34}},"24":{"start":{"line":25,"column":0},"end":{"line":25,"column":21}},"25":{"start":{"line":26,"column":0},"end":{"line":26,"column":13}},"26":{"start":{"line":27,"column":0},"end":{"line":27,"column":37}},"27":{"start":{"line":28,"column":0},"end":{"line":28,"column":12}},"28":{"start":{"line":29,"column":0},"end":{"line":29,"column":4}},"29":{"start":{"line":30,"column":0},"end":{"line":30,"column":3}},"30":{"start":{"line":31,"column":0},"end":{"line":31,"column":12}},"31":{"start":{"line":32,"column":0},"end":{"line":32,"column":23}},"32":{"start":{"line":33,"column":0},"end":{"line":33,"column":33}},"33":{"start":{"line":34,"column":0},"end":{"line":34,"column":18}},"34":{"start":{"line":35,"column":0},"end":{"line":35,"column":43}},"35":{"start":{"line":36,"column":0},"end":{"line":36,"column":16}},"36":{"start":{"line":37,"column":0},"end":{"line":37,"column":45}},"37":{"start":{"line":38,"column":0},"end":{"line":38,"column":20}},"38":{"start":{"line":39,"column":0},"end":{"line":39,"column":13}},"39":{"start":{"line":40,"column":0},"end":{"line":40,"column":37}},"40":{"start":{"line":41,"column":0},"end":{"line":41,"column":12}},"41":{"start":{"line":42,"column":0},"end":{"line":42,"column":4}},"42":{"start":{"line":43,"column":0},"end":{"line":43,"column":3}},"43":{"start":{"line":44,"column":0},"end":{"line":44,"column":12}},"44":{"start":{"line":45,"column":0},"end":{"line":45,"column":27}},"45":{"start":{"line":46,"column":0},"end":{"line":46,"column":37}},"46":{"start":{"line":47,"column":0},"end":{"line":47,"column":18}},"47":{"start":{"line":48,"column":0},"end":{"line":48,"column":35}},"48":{"start":{"line":49,"column":0},"end":{"line":49,"column":16}},"49":{"start":{"line":50,"column":0},"end":{"line":50,"column":49}},"50":{"start":{"line":51,"column":0},"end":{"line":51,"column":30}},"51":{"start":{"line":52,"column":0},"end":{"line":52,"column":13}},"52":{"start":{"line":53,"column":0},"end":{"line":53,"column":37}},"53":{"start":{"line":54,"column":0},"end":{"line":54,"column":12}},"54":{"start":{"line":55,"column":0},"end":{"line":55,"column":4}},"55":{"start":{"line":56,"column":0},"end":{"line":56,"column":2}},"56":{"start":{"line":57,"column":0},"end":{"line":57,"column":0}},"57":{"start":{"line":58,"column":0},"end":{"line":58,"column":26}}},"s":{"0":1,"1":1,"2":1,"3":1,"4":1,"5":1,"6":1,"7":1,"8":1,"9":1,"10":1,"11":1,"12":1,"13":1,"14":1,"15":1,"16":1,"17":1,"18":1,"19":1,"20":1,"21":1,"22":1,"23":1,"24":1,"25":1,"26":1,"27":1,"28":1,"29":1,"30":1,"31":1,"32":1,"33":1,"34":1,"35":1,"36":1,"37":1,"38":1,"39":1,"40":1,"41":1,"42":1,"43":1,"44":1,"45":1,"46":1,"47":1,"48":1,"49":1,"50":1,"51":1,"52":1,"53":1,"54":1,"55":1,"56":1,"57":1},"branchMap":{},"b":{},"fnMap":{},"f":{}}
,"C:\\Users\\Victor\\Desktop\\Programas\\TestesJS\\cadastro-de-calouros-finished\\src\\utils\\isCepValid.js": {"path":"C:\\Users\\Victor\\Desktop\\Programas\\TestesJS\\cadastro-de-calouros-finished\\src\\utils\\isCepValid.js","all":false,"statementMap":{"0":{"start":{"line":1,"column":0},"end":{"line":1,"column":67}},"1":{"start":{"line":2,"column":0},"end":{"line":2,"column":0}},"2":{"start":{"line":3,"column":0},"end":{"line":3,"column":26}},"3":{"start":{"line":4,"column":0},"end":{"line":4,"column":34}},"4":{"start":{"line":5,"column":0},"end":{"line":5,"column":1}},"5":{"start":{"line":6,"column":0},"end":{"line":6,"column":0}},"6":{"start":{"line":7,"column":0},"end":{"line":7,"column":28}}},"s":{"0":1,"1":1,"2":8,"3":8,"4":8,"5":1,"6":1},"branchMap":{"0":{"type":"branch","line":3,"loc":{"start":{"line":3,"column":0},"end":{"line":5,"column":1}},"locations":[{"start":{"line":3,"column":0},"end":{"line":5,"column":1}}]}},"b":{"0":[8]},"fnMap":{"0":{"name":"isCepValid","decl":{"start":{"line":3,"column":0},"end":{"line":5,"column":1}},"loc":{"start":{"line":3,"column":0},"end":{"line":5,"column":1}},"line":3}},"f":{"0":8}}
,"C:\\Users\\Victor\\Desktop\\Programas\\TestesJS\\cadastro-de-calouros-finished\\src\\utils\\isEmailValid.js": {"path":"C:\\Users\\Victor\\Desktop\\Programas\\TestesJS\\cadastro-de-calouros-finished\\src\\utils\\isEmailValid.js","all":false,"statementMap":{"0":{"start":{"line":1,"column":0},"end":{"line":1,"column":70}},"1":{"start":{"line":2,"column":0},"end":{"line":2,"column":0}},"2":{"start":{"line":3,"column":0},"end":{"line":3,"column":30}},"3":{"start":{"line":4,"column":0},"end":{"line":4,"column":168}},"4":{"start":{"line":5,"column":0},"end":{"line":5,"column":27}},"5":{"start":{"line":6,"column":0},"end":{"line":6,"column":1}},"6":{"start":{"line":7,"column":0},"end":{"line":7,"column":0}},"7":{"start":{"line":8,"column":0},"end":{"line":8,"column":30}}},"s":{"0":1,"1":1,"2":13,"3":13,"4":13,"5":13,"6":1,"7":1},"branchMap":{"0":{"type":"branch","line":3,"loc":{"start":{"line":3,"column":0},"end":{"line":6,"column":1}},"locations":[{"start":{"line":3,"column":0},"end":{"line":6,"column":1}}]}},"b":{"0":[13]},"fnMap":{"0":{"name":"isEmailValid","decl":{"start":{"line":3,"column":0},"end":{"line":6,"column":1}},"loc":{"start":{"line":3,"column":0},"end":{"line":6,"column":1}},"line":3}},"f":{"0":13}}
}
